  libCIPSI1.c
C:\Users\laetb\OneDrive\Bureau\cour\IPSI1\Projet_C\src\libCIPSI1.c(27,15): warning C4244: 'initialisation' : conversion de 'double' en 'float', perte possible de données
C:\Users\laetb\OneDrive\Bureau\cour\IPSI1\Projet_C\src\libCIPSI1.c(761,21): warning C4244: '=' : conversion de 'double' en 'int', perte possible de données
C:\Users\laetb\OneDrive\Bureau\cour\IPSI1\Projet_C\src\libCIPSI1.c(797,21): warning C4244: '=' : conversion de 'double' en 'int', perte possible de données
C:\Users\laetb\OneDrive\Bureau\cour\IPSI1\Projet_C\src\libCIPSI1.c(1186,16): warning C4244: '=' : conversion de 'double' en 'float', perte possible de données
C:\Users\laetb\OneDrive\Bureau\cour\IPSI1\Projet_C\src\libCIPSI1.c(1188,54): warning C4244: '=' : conversion de 'double' en 'float', perte possible de données
C:\Users\laetb\OneDrive\Bureau\cour\IPSI1\Projet_C\src\libCIPSI1.c(1246,10): warning C4477: 'printf' : la chaîne de format '%d' nécessite un argument de type 'int', mais l'argument variadique 1 est de type 'double'
C:\Users\laetb\OneDrive\Bureau\cour\IPSI1\Projet_C\src\libCIPSI1.c(1247,10): warning C4477: 'printf' : la chaîne de format '%d' nécessite un argument de type 'int', mais l'argument variadique 1 est de type 'double'
C:\Users\laetb\OneDrive\Bureau\cour\IPSI1\Projet_C\src\libCIPSI1.c(1327,20): warning C4244: '=' : conversion de 'int' en 'float', perte possible de données
C:\Users\laetb\OneDrive\Bureau\cour\IPSI1\Projet_C\src\libCIPSI1.c(1328,20): warning C4244: '=' : conversion de 'int' en 'float', perte possible de données
C:\Users\laetb\OneDrive\Bureau\cour\IPSI1\Projet_C\src\libCIPSI1.c(1346,20): warning C4244: '=' : conversion de 'int' en 'float', perte possible de données
C:\Users\laetb\OneDrive\Bureau\cour\IPSI1\Projet_C\src\libCIPSI1.c(1347,20): warning C4244: '=' : conversion de 'int' en 'float', perte possible de données
C:\Users\laetb\OneDrive\Bureau\cour\IPSI1\Projet_C\src\libCIPSI1.c(1435,16): warning C4047: '==' : les niveaux d'indirection de 'int' et de 'char [2]' sont différents
C:\Users\laetb\OneDrive\Bureau\cour\IPSI1\Projet_C\src\libCIPSI1.c(1462,16): warning C4047: '==' : les niveaux d'indirection de 'int' et de 'char [2]' sont différents
C:\Users\laetb\OneDrive\Bureau\cour\IPSI1\Projet_C\src\libCIPSI1.c(1439,21): warning C4244: 'initialisation' : conversion de 'int' en 'float', perte possible de données
C:\Users\laetb\OneDrive\Bureau\cour\IPSI1\Projet_C\src\libCIPSI1.c(1439,25): warning C4244: 'initialisation' : conversion de 'int' en 'float', perte possible de données
C:\Users\laetb\OneDrive\Bureau\cour\IPSI1\Projet_C\src\libCIPSI1.c(1450,21): warning C4244: 'initialisation' : conversion de 'int' en 'float', perte possible de données
C:\Users\laetb\OneDrive\Bureau\cour\IPSI1\Projet_C\src\libCIPSI1.c(1450,25): warning C4244: 'initialisation' : conversion de 'int' en 'float', perte possible de données
C:\Users\laetb\OneDrive\Bureau\cour\IPSI1\Projet_C\src\libCIPSI1.c(1681,27): warning C4244: 'initialisation' : conversion de 'double' en 'int', perte possible de données
C:\Users\laetb\OneDrive\Bureau\cour\IPSI1\Projet_C\src\libCIPSI1.c(1684,28): warning C4244: 'initialisation' : conversion de 'double' en 'int', perte possible de données
C:\Users\laetb\OneDrive\Bureau\cour\IPSI1\Projet_C\src\libCIPSI1.c(1728,27): warning C4244: 'initialisation' : conversion de 'double' en 'int', perte possible de données
C:\Users\laetb\OneDrive\Bureau\cour\IPSI1\Projet_C\src\libCIPSI1.c(1731,28): warning C4244: 'initialisation' : conversion de 'double' en 'int', perte possible de données
C:\Users\laetb\OneDrive\Bureau\cour\IPSI1\Projet_C\src\libCIPSI1.c(1771,8): warning C4101: 'imageDilate' : variable locale non référencée
C:\Users\laetb\OneDrive\Bureau\cour\IPSI1\Projet_C\src\libCIPSI1.c(1780,8): warning C4101: 'imageDilate' : variable locale non référencée
C:\Users\laetb\OneDrive\Bureau\cour\IPSI1\Projet_C\src\libCIPSI1.c(1957,20): warning C4047: '==' : les niveaux d'indirection de 'const char *' et de 'int' sont différents
C:\Users\laetb\OneDrive\Bureau\cour\IPSI1\Projet_C\src\libCIPSI1.c(1966,20): warning C4047: '==' : les niveaux d'indirection de 'const char *' et de 'int' sont différents
C:\Users\laetb\OneDrive\Bureau\cour\IPSI1\Projet_C\src\libCIPSI1.c(1969,20): warning C4047: '==' : les niveaux d'indirection de 'const char *' et de 'int' sont différents
C:\Users\laetb\OneDrive\Bureau\cour\IPSI1\Projet_C\src\libCIPSI1.c(1972,20): warning C4047: '==' : les niveaux d'indirection de 'const char *' et de 'int' sont différents
C:\Users\laetb\OneDrive\Bureau\cour\IPSI1\Projet_C\src\libCIPSI1.c(1975,20): warning C4047: '==' : les niveaux d'indirection de 'const char *' et de 'int' sont différents
C:\Users\laetb\OneDrive\Bureau\cour\IPSI1\Projet_C\src\libCIPSI1.c(1978,18): warning C4047: '==' : les niveaux d'indirection de 'const char *' et de 'int' sont différents
C:\Users\laetb\OneDrive\Bureau\cour\IPSI1\Projet_C\src\libCIPSI1.c(1981,18): warning C4047: '==' : les niveaux d'indirection de 'const char *' et de 'int' sont différents
C:\Users\laetb\OneDrive\Bureau\cour\IPSI1\Projet_C\src\libCIPSI1.c(1985,2): warning C4033: 'allocation_ElementStructurant' doit retourner une valeur
C:\Users\laetb\OneDrive\Bureau\cour\IPSI1\Projet_C\src\libCIPSI1.c(1990,32): warning C4090: '=' : qualificateurs 'const' différents
C:\Users\laetb\OneDrive\Bureau\cour\IPSI1\Projet_C\src\libCIPSI1.c(2023,32): warning C4090: '=' : qualificateurs 'const' différents
C:\Users\laetb\OneDrive\Bureau\cour\IPSI1\Projet_C\src\libCIPSI1.c(2049,13): warning C4244: '=' : conversion de 'double' en 'int', perte possible de données
  Génération de code en cours
  0 of 35 functions ( 0.0%) were compiled, the rest were copied from previous compilation.
    0 functions were new in current compilation
    0 functions had inline decision re-evaluated but remain unchanged
  Fin de la génération du code
  ProjetC.vcxproj -> C:\Users\laetb\OneDrive\Bureau\cour\IPSI1\Projet_C\ProjetC\x64\Release\ProjetC.exe
