  libCIPSI1.c
C:\Users\laetb\OneDrive\Bureau\cour\IPSI1\Projet_C\src\libCIPSI1.c(31,15): warning C4244: 'initialisation' : conversion de 'double' en 'float', perte possible de données
C:\Users\laetb\OneDrive\Bureau\cour\IPSI1\Projet_C\src\libCIPSI1.c(762,21): warning C4244: '=' : conversion de 'double' en 'int', perte possible de données
C:\Users\laetb\OneDrive\Bureau\cour\IPSI1\Projet_C\src\libCIPSI1.c(798,21): warning C4244: '=' : conversion de 'double' en 'int', perte possible de données
C:\Users\laetb\OneDrive\Bureau\cour\IPSI1\Projet_C\src\libCIPSI1.c(1187,16): warning C4244: '=' : conversion de 'double' en 'float', perte possible de données
C:\Users\laetb\OneDrive\Bureau\cour\IPSI1\Projet_C\src\libCIPSI1.c(1189,54): warning C4244: '=' : conversion de 'double' en 'float', perte possible de données
C:\Users\laetb\OneDrive\Bureau\cour\IPSI1\Projet_C\src\libCIPSI1.c(1247,10): warning C4477: 'printf' : la chaîne de format '%d' nécessite un argument de type 'int', mais l'argument variadique 1 est de type 'double'
C:\Users\laetb\OneDrive\Bureau\cour\IPSI1\Projet_C\src\libCIPSI1.c(1248,10): warning C4477: 'printf' : la chaîne de format '%d' nécessite un argument de type 'int', mais l'argument variadique 1 est de type 'double'
C:\Users\laetb\OneDrive\Bureau\cour\IPSI1\Projet_C\src\libCIPSI1.c(1328,20): warning C4244: '=' : conversion de 'int' en 'float', perte possible de données
C:\Users\laetb\OneDrive\Bureau\cour\IPSI1\Projet_C\src\libCIPSI1.c(1329,20): warning C4244: '=' : conversion de 'int' en 'float', perte possible de données
C:\Users\laetb\OneDrive\Bureau\cour\IPSI1\Projet_C\src\libCIPSI1.c(1347,20): warning C4244: '=' : conversion de 'int' en 'float', perte possible de données
C:\Users\laetb\OneDrive\Bureau\cour\IPSI1\Projet_C\src\libCIPSI1.c(1348,20): warning C4244: '=' : conversion de 'int' en 'float', perte possible de données
C:\Users\laetb\OneDrive\Bureau\cour\IPSI1\Projet_C\src\libCIPSI1.c(1596,8): warning C4101: 'imageDilate' : variable locale non référencée
C:\Users\laetb\OneDrive\Bureau\cour\IPSI1\Projet_C\src\libCIPSI1.c(1716,32): warning C4090: '=' : qualificateurs 'const' différents
C:\Users\laetb\OneDrive\Bureau\cour\IPSI1\Projet_C\src\libCIPSI1.c(1722,39): warning C4047: '==' : les niveaux d'indirection de 'char *' et de 'int' sont différents
C:\Users\laetb\OneDrive\Bureau\cour\IPSI1\Projet_C\src\libCIPSI1.c(1724,14): warning C4244: '=' : conversion de 'double' en 'int', perte possible de données
C:\Users\laetb\OneDrive\Bureau\cour\IPSI1\Projet_C\src\libCIPSI1.c(1742,14): warning C4244: '=' : conversion de 'double' en 'int', perte possible de données
C:\Users\laetb\OneDrive\Bureau\cour\IPSI1\Projet_C\src\libCIPSI1.c(1816,16): warning C4047: '==' : les niveaux d'indirection de 'int' et de 'char [2]' sont différents
C:\Users\laetb\OneDrive\Bureau\cour\IPSI1\Projet_C\src\libCIPSI1.c(1843,16): warning C4047: '==' : les niveaux d'indirection de 'int' et de 'char [2]' sont différents
C:\Users\laetb\OneDrive\Bureau\cour\IPSI1\Projet_C\src\libCIPSI1.c(1820,21): warning C4244: 'initialisation' : conversion de 'int' en 'float', perte possible de données
C:\Users\laetb\OneDrive\Bureau\cour\IPSI1\Projet_C\src\libCIPSI1.c(1820,25): warning C4244: 'initialisation' : conversion de 'int' en 'float', perte possible de données
C:\Users\laetb\OneDrive\Bureau\cour\IPSI1\Projet_C\src\libCIPSI1.c(1831,21): warning C4244: 'initialisation' : conversion de 'int' en 'float', perte possible de données
C:\Users\laetb\OneDrive\Bureau\cour\IPSI1\Projet_C\src\libCIPSI1.c(1831,25): warning C4244: 'initialisation' : conversion de 'int' en 'float', perte possible de données
  TestsProjetC.c
  Génération de code en cours...
  ProjetC.vcxproj -> C:\Users\laetb\OneDrive\Bureau\cour\IPSI1\Projet_C\ProjetC\x64\Debug\ProjetC.exe
